<?xml version="1.0" encoding="UTF-8"?>
<testsuite name="SimpleBankSystemTest" tests="1" skipped="0" failures="0" errors="0" timestamp="2020-10-28T18:01:18" hostname="marcin-MS-7A39" time="2.597">
  <properties/>
  <testcase name="start" classname="SimpleBankSystemTest" time="2.597"/>
  <system-out><![CDATA[?[1;31m
Start test 1?[0m
1. Create an account
2. Log into account
0. Exit
> 0

Bye!
?[1;31m
Start test 2?[0m
1. Create an account
2. Log into account
0. Exit
> 0

Bye!
?[1;31m
Start test 3?[0m
1. Create an account
2. Log into account
0. Exit
> 0

Bye!
?[1;31m
Start test 4?[0m
1. Create an account
2. Log into account
0. Exit
> 0

Bye!
?[1;31m
Start test 5?[0m
1. Create an account
2. Log into account
0. Exit
> 1

Your card has been created
Your card number:
4000005692345391
Your card PIN:
3067

1. Create an account
2. Log into account
0. Exit
> 1

Your card has been created
Your card number:
4000006294069256
Your card PIN:
7238

1. Create an account
2. Log into account
0. Exit
> 1

Your card has been created
Your card number:
4000002633756489
Your card PIN:
7123

1. Create an account
2. Log into account
0. Exit
> 1

Your card has been created
Your card number:
4000001452484116
Your card PIN:
3384

1. Create an account
2. Log into account
0. Exit
> 1

Your card has been created
Your card number:
4000009686231617
Your card PIN:
0941

1. Create an account
2. Log into account
0. Exit
> 0

Bye!
4000005692345391
4000006294069256
4000002633756489
4000001452484116
4000009686231617
?[1;31m
Start test 6?[0m
1. Create an account
2. Log into account
0. Exit
> 1

Your card has been created
Your card number:
4000006625453385
Your card PIN:
2044

1. Create an account
2. Log into account
0. Exit
> 2

Enter your card number:
> 4000006625453385
Your card PIN:
> 2044

You have successfully logged in!

1. Balance
2. Add income
3. Do transfer
4. Close account
5. Log out
0. Exit
> 0

Bye!
?[1;31m
Start test 7?[0m
1. Create an account
2. Log into account
0. Exit
> 1

Your card has been created
Your card number:
4000002274974995
Your card PIN:
9819

1. Create an account
2. Log into account
0. Exit
> 2

Enter your card number:
> 4000002274974995
Your card PIN:
> 9521

Wrong card number or PIN!

1. Create an account
2. Log into account
0. Exit
> 0

Bye!
?[1;31m
Start test 8?[0m
1. Create an account
2. Log into account
0. Exit
> 1

Your card has been created
Your card number:
4000009012150259
Your card PIN:
5129

1. Create an account
2. Log into account
0. Exit
> 2

Enter your card number:
> 400000107519394
Your card PIN:
> 5129

Wrong card number or PIN!

1. Create an account
2. Log into account
0. Exit
> 0

Bye!
?[1;31m
Start test 9?[0m
1. Create an account
2. Log into account
0. Exit
> 1

Your card has been created
Your card number:
4000007599060628
Your card PIN:
3790

1. Create an account
2. Log into account
0. Exit
> 2

Enter your card number:
> 4000007599060628
Your card PIN:
> 3790

You have successfully logged in!

1. Balance
2. Add income
3. Do transfer
4. Close account
5. Log out
0. Exit
> 1

Balance: 0

1. Balance
2. Add income
3. Do transfer
4. Close account
5. Log out
0. Exit
> 0

Bye!
?[1;31m
Start test 10?[0m
1. Create an account
2. Log into account
0. Exit
> 1

Your card has been created
Your card number:
4000002630597183
Your card PIN:
6264

1. Create an account
2. Log into account
0. Exit
> 2

Enter your card number:
> 4000002630597183
Your card PIN:
> 6264

You have successfully logged in!

1. Balance
2. Add income
3. Do transfer
4. Close account
5. Log out
0. Exit
> 2

Enter income:
> 10000
Income was added!

1. Balance
2. Add income
3. Do transfer
4. Close account
5. Log out
0. Exit
> 0

Bye!
1. Create an account
2. Log into account
0. Exit
> 2

Enter your card number:
> 4000002630597183
Your card PIN:
> 6264

You have successfully logged in!

1. Balance
2. Add income
3. Do transfer
4. Close account
5. Log out
0. Exit
> 2

Enter income:
> 15000
Income was added!

1. Balance
2. Add income
3. Do transfer
4. Close account
5. Log out
0. Exit
> 0

Bye!
?[1;31m
Start test 11?[0m
1. Create an account
2. Log into account
0. Exit
> 1

Your card has been created
Your card number:
4000008027249486
Your card PIN:
2151

1. Create an account
2. Log into account
0. Exit
> 1

Your card has been created
Your card number:
4000002363342922
Your card PIN:
1597

1. Create an account
2. Log into account
0. Exit
> 2

Enter your card number:
> 4000002363342922
Your card PIN:
> 1597

You have successfully logged in!

1. Balance
2. Add income
3. Do transfer
4. Close account
5. Log out
0. Exit
> 3

Transfer
Enter card number:
> 2000007269641764
Probably you made mistake in the card number. Please try again!

1. Balance
2. Add income
3. Do transfer
4. Close account
5. Log out
0. Exit
> 3

Transfer
Enter card number:
> 2000007269641768
Such a card does not exist.

1. Balance
2. Add income
3. Do transfer
4. Close account
5. Log out
0. Exit
> 3

Transfer
Enter card number:
> 4000008027249486
> 100000
Not enough money!

1. Balance
2. Add income
3. Do transfer
4. Close account
5. Log out
0. Exit
> 2

Enter income:
> 20000
Income was added!

1. Balance
2. Add income
3. Do transfer
4. Close account
5. Log out
0. Exit
> 3

Transfer
Enter card number:
> 4000008027249486
> 10000
Success!

1. Balance
2. Add income
3. Do transfer
4. Close account
5. Log out
0. Exit
> 0

Bye!
?[1;31m
Start test 12?[0m
1. Create an account
2. Log into account
0. Exit
> 1

Your card has been created
Your card number:
4000007158795408
Your card PIN:
7128

1. Create an account
2. Log into account
0. Exit
> 2

Enter your card number:
> 4000007158795408
Your card PIN:
> 7128

You have successfully logged in!

1. Balance
2. Add income
3. Do transfer
4. Close account
5. Log out
0. Exit
> 4

The account has been closed!

1. Balance
2. Add income
3. Do transfer
4. Close account
5. Log out
0. Exit
> 0

Bye!
]]></system-out>
  <system-err><![CDATA[]]></system-err>
</testsuite>
